\BOOKMARK [0][-]{chapter*.2}{\376\377\000P\000r\000e\000a\000m\000b\000l\000e}{}% 1
\BOOKMARK [1][-]{section*.3}{\376\377\000L\000i\000c\000e\000n\000s\000e}{chapter*.2}% 2
\BOOKMARK [0][-]{chapter.1}{\376\377\000I\000n\000t\000r\000o\000d\000u\000c\000t\000i\000o\000n}{}% 3
\BOOKMARK [0][-]{chapter.2}{\376\377\000C\000l\000a\000s\000s\000i\000f\000i\000c\000a\000t\000i\000o\000n\000\040\000A\000n\000a\000l\000y\000s\000i\000s\000\040\000i\000n\000\040\000t\000h\000e\000\040\000n\000\040\000<\000<\000\040\000p\000\040\000C\000o\000n\000t\000e\000x\000t}{}% 4
\BOOKMARK [1][-]{section.2.1}{\376\377\000c\000a\000r\000e\000t\000\040\000f\000o\000r\000\040\000m\000o\000d\000e\000l\000\040\000e\000v\000a\000l\000u\000a\000t\000i\000o\000n}{chapter.2}% 5
\BOOKMARK [1][-]{section.2.2}{\376\377\000T\000h\000e\000\040\000g\000l\000m\000n\000e\000t\000\040\000R\000\040\000p\000a\000c\000k\000a\000g\000e}{chapter.2}% 6
\BOOKMARK [1][-]{section.2.3}{\376\377\000S\000i\000g\000n\000a\000l\000-\000t\000o\000-\000n\000o\000i\000s\000e\000\040\000R\000a\000t\000i\000o}{chapter.2}% 7
\BOOKMARK [1][-]{section.2.4}{\376\377\000L\000a\000s\000s\000o\000\040\000v\000s\000\040\000B\000e\000s\000t\000\040\000S\000u\000b\000s\000e\000t}{chapter.2}% 8
\BOOKMARK [0][-]{chapter.3}{\376\377\0005\000h\000m\000c\000\040\000D\000a\000t\000a\000\040\000P\000r\000e\000p\000r\000o\000c\000e\000s\000s\000i\000n\000g}{}% 9
\BOOKMARK [1][-]{section.3.1}{\376\377\000L\000o\000a\000d\000\040\000t\000h\000e\000\040\000d\000a\000t\000a}{chapter.3}% 10
\BOOKMARK [1][-]{section.3.2}{\376\377\000D\000i\000f\000f\000e\000r\000e\000n\000t\000i\000a\000l\000\040\000r\000e\000p\000r\000e\000s\000e\000n\000t\000a\000t\000i\000o\000n\000\040\000a\000n\000a\000l\000y\000s\000i\000s}{chapter.3}% 11
\BOOKMARK [1][-]{section.3.3}{\376\377\000S\000i\000g\000n\000a\000l\000-\000t\000o\000-\000n\000o\000i\000s\000e\000\040\000r\000a\000t\000i\000o\000\040\000r\000e\000g\000i\000m\000e}{chapter.3}% 12
\BOOKMARK [0][-]{chapter.4}{\376\377\000T\000h\000e\000\040\000b\000e\000t\000\040\000o\000n\000\040\000s\000p\000a\000r\000s\000i\000t\000y}{}% 13
\BOOKMARK [1][-]{section.4.1}{\376\377\000C\000r\000o\000s\000s\000-\000v\000a\000l\000i\000d\000a\000t\000i\000o\000n\000\040\000a\000n\000a\000l\000y\000s\000i\000s\000\040\000s\000e\000t\000u\000p}{chapter.4}% 14
\BOOKMARK [1][-]{section.4.2}{\376\377\000F\000i\000t\000\040\000a\000n\000d\000\040\000c\000o\000m\000p\000a\000r\000e\000\040\000m\000o\000d\000e\000l\000s}{chapter.4}% 15
\BOOKMARK [1][-]{section.4.3}{\376\377\000T\000h\000e\000\040\000r\000e\000l\000a\000x\000e\000d\000\040\000l\000a\000s\000s\000o\000\040\000a\000n\000d\000\040\000b\000l\000e\000n\000d\000e\000d\000\040\000m\000i\000x\000\040\000m\000o\000d\000e\000l\000s}{chapter.4}% 16
\BOOKMARK [1][-]{section.4.4}{\376\377\000E\000x\000a\000m\000i\000n\000a\000t\000i\000o\000n\000\040\000o\000f\000\040\000s\000e\000n\000s\000i\000t\000i\000v\000i\000t\000y\000\040\000v\000s\000\040\000s\000p\000e\000c\000i\000f\000i\000c\000i\000t\000y}{chapter.4}% 17
\BOOKMARK [1][-]{section.4.5}{\376\377\000C\000o\000m\000p\000a\000r\000e\000\040\000p\000r\000e\000d\000i\000c\000t\000i\000o\000n\000s\000\040\000a\000t\000\040\000m\000i\000s\000c\000l\000a\000s\000s\000i\000f\000i\000e\000d\000\040\000s\000a\000m\000p\000l\000e\000s}{chapter.4}% 18
\BOOKMARK [1][-]{section.4.6}{\376\377\000C\000o\000m\000p\000a\000r\000e\000\040\000c\000o\000e\000f\000f\000i\000c\000i\000e\000n\000t\000\040\000p\000r\000o\000f\000i\000l\000e\000s}{chapter.4}% 19
\BOOKMARK [1][-]{section.4.7}{\376\377\000E\000x\000a\000m\000i\000n\000e\000\040\000f\000e\000a\000t\000u\000r\000e\000\040\000s\000e\000l\000e\000c\000t\000i\000o\000n}{chapter.4}% 20
\BOOKMARK [0][-]{chapter.5}{\376\377\000S\000a\000m\000p\000l\000e\000\040\000s\000i\000z\000e\000\040\000i\000n\000v\000e\000s\000t\000i\000g\000a\000t\000i\000o\000n}{}% 21
\BOOKMARK [1][-]{section.5.1}{\376\377\000F\000u\000l\000l\000\040\000d\000a\000t\000a\000\040\000s\000e\000t\000\040\000f\000i\000t}{chapter.5}% 22
\BOOKMARK [1][-]{section.5.2}{\376\377\000S\000e\000l\000e\000c\000t\000e\000d\000\040\000f\000e\000a\000t\000u\000r\000e\000\040\000l\000i\000s\000t\000\040\000s\000t\000a\000b\000i\000l\000i\000t\000y}{chapter.5}% 23
\BOOKMARK [1][-]{section.5.3}{\376\377\000S\000i\000m\000u\000l\000a\000t\000i\000o\000n\000\040\000D\000e\000s\000i\000g\000n}{chapter.5}% 24
\BOOKMARK [1][-]{section.5.4}{\376\377\000S\000e\000t\000u\000p\000\040\000s\000i\000m\000u\000l\000a\000t\000i\000o\000n}{chapter.5}% 25
\BOOKMARK [1][-]{section.5.5}{\376\377\000R\000u\000n\000\040\000s\000i\000m\000u\000l\000a\000t\000i\000o\000n\000s}{chapter.5}% 26
\BOOKMARK [1][-]{section.5.6}{\376\377\000S\000i\000m\000u\000l\000a\000t\000i\000o\000n\000\040\000r\000e\000s\000u\000l\000t\000s}{chapter.5}% 27
\BOOKMARK [1][-]{section.5.7}{\376\377\000E\000f\000f\000e\000c\000t\000\040\000o\000f\000\040\000s\000a\000m\000p\000l\000e\000\040\000q\000u\000a\000l\000i\000t\000y}{chapter.5}% 28
\BOOKMARK [0][-]{chapter.6}{\376\377\000C\000o\000n\000c\000l\000u\000s\000i\000o\000n\000s}{}% 29
\BOOKMARK [0][-]{chapter*.12}{\376\377\000A\000p\000p\000e\000n\000d\000i\000x\000\040\0001\000\040\000-\000\040\000S\000a\000m\000p\000l\000e\000\040\000s\000i\000z\000e\000\040\000i\000n\000\040\000e\000l\000a\000s\000t\000i\000c\000\040\000n\000e\000t\000\040\000f\000i\000t\000s}{}% 30
\BOOKMARK [1][-]{section*.13}{\376\377\000S\000e\000l\000e\000c\000t\000e\000d\000\040\000f\000e\000a\000t\000u\000r\000e\000\040\000l\000i\000s\000t\000\040\000s\000t\000a\000b\000i\000l\000i\000t\000y}{chapter*.12}% 31
\BOOKMARK [1][-]{section*.14}{\376\377\000R\000u\000n\000\040\000s\000i\000m\000u\000l\000a\000t\000i\000o\000n\000s\000\040\000-\000\040\000e\000n\000e\000t}{chapter*.12}% 32
\BOOKMARK [1][-]{section*.15}{\376\377\000e\000n\000e\000t\000\040\000S\000i\000m\000u\000l\000a\000t\000i\000o\000n\000\040\000r\000e\000s\000u\000l\000t\000s}{chapter*.12}% 33
